[Host_listen] Seccessfully creat Host_listen listening thread.
[Host_listen] client Listen get id  1945230992
[Host_listen] client Listen id  1945230992
[Host_send] Seccessfully creat Host_send listening thread.
[Host_send] client send get id  1945230992
[Host_send] client send id  1945230992
[Host_listen] 開始線程：Host_listen
[Host_send] Connection accepted from 127.0.0.1:41476
[Host_send] 開始線程：Host_send
[Host_send] Server received: b'Hello server'
[Host_send] Server send instruction b'TTTTest inst' spend time: 4.601478576660156e-05
[Host_listen] Connection accepted from 127.0.0.1:50402
[Host_listen] Server received: b'Hello server'
[Host_listen] all number 0 4
[Host_listen] pms b'\xa4\x10\x0e\x00'
[Host_listen] size: 921764
[Host_listen] frame: 1
[Host_listen] all number 0 4
[Host_listen] pms b'\xa4\x10\x0e\x00'
[Host_listen] size: 921764
[Host_listen] frame: 2
[Host_listen] all number 0 4
[Host_listen] pms b'\xa4\x10\x0e\x00'
[Host_listen] size: 921764
[Host_listen] frame: 3
[Host_listen] all number 0 4
[Host_listen] pms b'\xa4\x10\x0e\x00'
[Host_listen] size: 921764
[Host_listen] frame: 4
[Host_listen] all number 0 4
[Host_listen] pms b'\xa4\x10\x0e\x00'
[Host_listen] size: 921764
[Host_listen] frame: 5
[Host_listen] all number 0 4
[Host_listen] pms b'\xa4\x10\x0e\x00'
[Host_listen] size: 921764
[Host_listen] frame: 6
[Host_listen] all number 0 4
[Host_listen] pms b'\xa4\x10\x0e\x00'
[Host_listen] size: 921764
[Host_listen] frame: 7
[Host_listen] all number 0 4
[Host_listen] pms b'\xa4\x10\x0e\x00'
[Host_listen] size: 921764
[Host_listen] frame: 8
[Host_listen] all number 0 4
[Host_listen] pms b'\xa4\x10\x0e\x00'
[Host_listen] size: 921764
[Host_listen] frame: 9
[Host_listen] all number 0 4
[Host_listen] pms b'\xa4\x10\x0e\x00'
[Host_listen] size: 921764
[Host_listen] frame: 10
[Host_listen] all number 0 4
[Host_listen] pms b'\xa4\x10\x0e\x00'
[Host_listen] size: 921764
[Host_listen] frame: 11
[Host_listen] all number 0 4
[Host_listen] pms b'\xa4\x10\x0e\x00'
[Host_listen] size: 921764
[Host_listen] frame: 12
[Host_listen] all number 0 4
[Host_listen] pms b'\xa4\x10\x0e\x00'
[Host_listen] size: 921764
[Host_listen] frame: 13
[Host_listen] all number 0 4
[Host_listen] pms b'\xa4\x10\x0e\x00'
[Host_listen] size: 921764
[Host_listen] frame: 14
[Host_listen] all number 0 4
[Host_listen] pms b'\xa4\x10\x0e\x00'
[Host_listen] size: 921764
[Host_listen] frame: 15
[Host_listen] all number 0 4
[Host_listen] pms b'\xa4\x10\x0e\x00'
[Host_listen] size: 921764
[Host_listen] frame: 16
[Host_listen] all number 0 4
[Host_listen] pms b'\xa4\x10\x0e\x00'
[Host_listen] size: 921764
[Host_listen] frame: 17
[Host_listen] all number 0 4
[Host_listen] pms b'\xa4\x10\x0e\x00'
[Host_listen] size: 921764
[Host_listen] frame: 18
[Host_listen] all number 0 4
[Host_listen] pms b'\xa4\x10\x0e\x00'
[Host_listen] size: 921764
[Host_listen] frame: 19
[Host_listen] all number 0 4
[Host_listen] pms b'\xa4\x10\x0e\x00'
[Host_listen] size: 921764
[Host_listen] frame: 20
[Host_listen] all number 0 4
[Host_listen] pms b'\xa4\x10\x0e\x00'
[Host_listen] size: 921764
[Host_listen] frame: 21
[Host_listen] all number 0 4
[Host_listen] pms b'\xa4\x10\x0e\x00'
[Host_listen] size: 921764
[Host_listen] frame: 22
[Host_listen] all number 0 4
[Host_listen] pms b'\xa4\x10\x0e\x00'
[Host_listen] size: 921764
[Host_listen] frame: 23
[Host_listen] all number 0 4
[Host_listen] pms b'\xa4\x10\x0e\x00'
[Host_listen] size: 921764
[Host_listen] frame: 24
[Host_listen] all number 0 4
[Host_listen] pms b'\xa4\x10\x0e\x00'
[Host_listen] size: 921764
[Host_listen] frame: 25
[Host_listen] all number 0 4
[Host_listen] pms b'\xa4\x10\x0e\x00'
[Host_listen] size: 921764
[Host_listen] frame: 26
[Host_listen] all number 0 4
[Host_listen] pms b'\xa4\x10\x0e\x00'
[Host_listen] size: 921764
[Host_listen] frame: 27
[Host_listen] all number 0 4
[Host_listen] pms b'\xa4\x10\x0e\x00'
[Host_listen] size: 921764
[Host_listen] frame: 28
[Host_listen] all number 0 4
[Host_listen] pms b'\xa4\x10\x0e\x00'
[Host_listen] size: 921764
[Host_listen] frame: 29
[Host_listen] all number 0 4
[Host_listen] pms b'\xa4\x10\x0e\x00'
[Host_listen] size: 921764
[Host_listen] frame: 30
[Host_listen] all number 0 4
[Host_listen] pms b'\xa4\x10\x0e\x00'
[Host_listen] size: 921764
[Host_listen] frame: 31
[Host_listen] all number 0 4
[Host_listen] pms b'\xa4\x10\x0e\x00'
[Host_listen] size: 921764
[Host_listen] frame: 32
[Host_listen] all number 0 4
[Host_listen] pms b'\xa4\x10\x0e\x00'
[Host_listen] size: 921764
[Host_listen] frame: 33
[Host_listen] all number 0 4
[Host_listen] pms b'\xa4\x10\x0e\x00'
[Host_listen] size: 921764
[Host_listen] frame: 34
[Host_listen] all number 0 4
[Host_listen] pms b'\xa4\x10\x0e\x00'
[Host_listen] size: 921764
[Host_listen] frame: 35
[Host_listen] all number 0 4
[Host_listen] pms b'\xa4\x10\x0e\x00'
[Host_listen] size: 921764
[Host_listen] frame: 36
[Host_listen] all number 0 4
[Host_listen] pms b'\xa4\x10\x0e\x00'
[Host_listen] size: 921764
[Host_listen] frame: 37
[Host_listen] all number 0 4
[Host_listen] pms b'\xa4\x10\x0e\x00'
[Host_listen] size: 921764
[Host_listen] frame: 38
[Host_listen] all number 0 4
[Host_listen] pms b'\xa4\x10\x0e\x00'
[Host_listen] size: 921764
[Host_listen] frame: 39
[Host_listen] all number 0 4
[Host_listen] pms b'\xa4\x10\x0e\x00'
[Host_listen] size: 921764
[Host_listen] frame: 40
[Host_listen] all number 0 4
[Host_listen] pms b'\xa4\x10\x0e\x00'
[Host_listen] size: 921764
[Host_listen] frame: 41
[Host_listen] all number 0 4
[Host_listen] pms b'\xa4\x10\x0e\x00'
[Host_listen] size: 921764
[Host_listen] frame: 42
[Host_listen] all number 0 4
[Host_listen] pms b'\xa4\x10\x0e\x00'
[Host_listen] size: 921764
[Host_listen] frame: 43
[Host_listen] all number 0 4
[Host_listen] pms b'\xa4\x10\x0e\x00'
[Host_listen] size: 921764
[Host_listen] frame: 44
[Host_listen] all number 0 4
[Host_listen] pms b'\xa4\x10\x0e\x00'
[Host_listen] size: 921764
[Host_listen] frame: 45
[Host_listen] all number 0 4
[Host_listen] pms b'\xa4\x10\x0e\x00'
[Host_listen] size: 921764
[Host_listen] frame: 46
[Host_listen] all number 0 4
[Host_listen] pms b'\xa4\x10\x0e\x00'
[Host_listen] size: 921764
[Host_listen] frame: 47
[Host_listen] all number 0 4
[Host_listen] pms b'\xa4\x10\x0e\x00'
[Host_listen] size: 921764
[Host_listen] frame: 48
[Host_listen] all number 0 4
[Host_listen] pms b'\xa4\x10\x0e\x00'
[Host_listen] size: 921764
[Host_listen] frame: 49
[Host_listen] all number 0 4
[Host_listen] pms b'\xa4\x10\x0e\x00'
[Host_listen] size: 921764
[Host_listen] frame: 50
[Host_listen] all number 0 4
[Host_listen] pms b'\xa4\x10\x0e\x00'
[Host_listen] size: 921764
[Host_listen] frame: 51
[Host_listen] all number 0 4
[Host_listen] pms b'\xa4\x10\x0e\x00'
[Host_listen] size: 921764
[Host_listen] frame: 52
[Host_listen] all number 0 4
[Host_listen] pms b'\xa4\x10\x0e\x00'
[Host_listen] size: 921764
[Host_listen] frame: 53
[Host_listen] all number 0 4
[Host_listen] pms b'\xa4\x10\x0e\x00'
[Host_listen] size: 921764
[Host_listen] frame: 54
[Host_listen] all number 0 4
[Host_listen] pms b'\xa4\x10\x0e\x00'
[Host_listen] size: 921764
[Host_listen] frame: 55
[Host_listen] all number 0 4
[Host_listen] pms b'\xa4\x10\x0e\x00'
[Host_listen] size: 921764
[Host_listen] frame: 56
[Host_listen] all number 0 4
[Host_listen] pms b'\xa4\x10\x0e\x00'
[Host_listen] size: 921764
[Host_listen] frame: 57
[Host_listen] all number 0 4
[Host_listen] pms b'\xa4\x10\x0e\x00'
[Host_listen] size: 921764
[Host_listen] frame: 58
[Host_listen] all number 0 4
[Host_listen] pms b'\xa4\x10\x0e\x00'
[Host_listen] size: 921764
[Host_listen] frame: 59
[Host_listen] all number 0 4
[Host_listen] pms b'\xa4\x10\x0e\x00'
[Host_listen] size: 921764
[Host_listen] frame: 60
[Host_listen] all number 0 4
[Host_listen] pms b'\xa4\x10\x0e\x00'
[Host_listen] size: 921764
[Host_listen] frame: 61
[Host_listen] all number 0 4
[Host_listen] pms b'\xa4\x10\x0e\x00'
[Host_listen] size: 921764
[Host_listen] frame: 62
[Host_listen] all number 0 4
[Host_listen] pms b'\xa4\x10\x0e\x00'
[Host_listen] size: 921764
[Host_listen] frame: 63
[Host_listen] all number 0 4
[Host_listen] pms b'\xa4\x10\x0e\x00'
[Host_listen] size: 921764
[Host_listen] frame: 64
[Host_listen] all number 0 4
[Host_listen] pms b'\xa4\x10\x0e\x00'
[Host_listen] size: 921764
[Host_listen] frame: 65
[Host_listen] all number 0 4
[Host_listen] pms b'\xa4\x10\x0e\x00'
[Host_listen] size: 921764
[Host_listen] frame: 66
[Host_listen] all number 0 4
[Host_listen] pms b'\xa4\x10\x0e\x00'
[Host_listen] size: 921764
[Host_listen] frame: 67
[Host_listen] all number 0 4
[Host_listen] pms b'\xa4\x10\x0e\x00'
[Host_listen] size: 921764
[Host_listen] frame: 68
[Host_listen] all number 0 4
[Host_listen] pms b'\xa4\x10\x0e\x00'
[Host_listen] size: 921764
[Host_listen] frame: 69
[Host_listen] all number 0 4
[Host_listen] pms b'\xa4\x10\x0e\x00'
[Host_listen] size: 921764
[Host_listen] frame: 70
[Host_listen] all number 0 4
[Host_listen] pms b'\xa4\x10\x0e\x00'
[Host_listen] size: 921764
[Host_listen] frame: 71
[Host_listen] all number 0 4
[Host_listen] pms b'\xa4\x10\x0e\x00'
[Host_listen] size: 921764
[Host_listen] frame: 72
[Host_listen] all number 0 4
[Host_listen] pms b'\xa4\x10\x0e\x00'
[Host_listen] size: 921764
[Host_listen] frame: 73
[Host_listen] all number 0 4
[Host_listen] pms b'\xa4\x10\x0e\x00'
[Host_listen] size: 921764
[Host_listen] frame: 74
[Host_listen] all number 0 4
[Host_listen] pms b'\xa4\x10\x0e\x00'
[Host_listen] size: 921764
[Host_listen] frame: 75
[Host_listen] all number 0 4
[Host_listen] pms b'\xa4\x10\x0e\x00'
[Host_listen] size: 921764
[Host_listen] frame: 76
[Host_listen] all number 0 4
[Host_listen] pms b'\xa4\x10\x0e\x00'
[Host_listen] size: 921764
[Host_listen] frame: 77
[Host_listen] all number 0 4
[Host_listen] pms b'\xa4\x10\x0e\x00'
[Host_listen] size: 921764
[Host_listen] frame: 78
[Host_listen] all number 0 4
[Host_listen] pms b'\xa4\x10\x0e\x00'
[Host_listen] size: 921764
[Host_listen] frame: 79
[Host_listen] all number 0 4
[Host_listen] pms b'\xa4\x10\x0e\x00'
[Host_listen] size: 921764
[Host_listen] frame: 80
[Host_listen] all number 0 4
[Host_listen] pms b'\xa4\x10\x0e\x00'
[Host_listen] size: 921764
[Host_listen] frame: 81
[Host_listen] all number 0 4
[Host_listen] pms b'\xa4\x10\x0e\x00'
[Host_listen] size: 921764
[Host_listen] frame: 82
[Host_listen] all number 0 4
[Host_listen] pms b'\xa4\x10\x0e\x00'
[Host_listen] size: 921764
[Host_listen] frame: 83
[Host_listen] all number 0 4
[Host_listen] pms b'\xa4\x10\x0e\x00'
[Host_listen] size: 921764
[Host_listen] frame: 84
[Host_listen] all number 0 4
[Host_listen] pms b'\xa4\x10\x0e\x00'
[Host_listen] size: 921764
[Host_listen] frame: 85
[Host_listen] all number 0 4
[Host_listen] pms b'\xa4\x10\x0e\x00'
[Host_listen] size: 921764
[Host_listen] frame: 86
[Host_listen] all number 0 4
[Host_listen] pms b'\xa4\x10\x0e\x00'
[Host_listen] size: 921764
[Host_listen] frame: 87
[Host_listen] all number 0 4
[Host_listen] pms b'\xa4\x10\x0e\x00'
[Host_listen] size: 921764
[Host_listen] frame: 88
[Host_listen] all number 0 4
[Host_listen] pms b'\xa4\x10\x0e\x00'
[Host_listen] size: 921764
[Host_listen] frame: 89
[Host_listen] all number 0 4
[Host_listen] pms b'\xa4\x10\x0e\x00'
[Host_listen] size: 921764
[Host_listen] frame: 90
[Host_listen] all number 0 4
[Host_listen] pms b'\xa4\x10\x0e\x00'
[Host_listen] size: 921764
[Host_listen] frame: 91
[Host_listen] all number 0 4
[Host_listen] pms b'\xa4\x10\x0e\x00'
[Host_listen] size: 921764
[Host_listen] frame: 92
[Host_listen] all number 0 4
[Host_listen] pms b'\xa4\x10\x0e\x00'
[Host_listen] size: 921764
[Host_listen] frame: 93
[Host_listen] all number 0 4
[Host_listen] pms b'\xa4\x10\x0e\x00'
[Host_listen] size: 921764
[Host_listen] frame: 94
[Host_listen] all number 0 4
[Host_listen] pms b'\xa4\x10\x0e\x00'
[Host_listen] size: 921764
[Host_listen] frame: 95
[Host_listen] all number 0 4
[Host_listen] pms b'\xa4\x10\x0e\x00'
[Host_listen] size: 921764
[Host_listen] frame: 96
[Host_listen] all number 0 4
[Host_listen] pms b'\xa4\x10\x0e\x00'
[Host_listen] size: 921764
[Host_listen] frame: 97
[Host_listen] all number 0 4
[Host_listen] pms b'\xa4\x10\x0e\x00'
[Host_listen] size: 921764
[Host_listen] frame: 98
[Host_listen] all number 0 4
[Host_listen] pms b'\xa4\x10\x0e\x00'
[Host_listen] size: 921764
[Host_listen] frame: 99
[Host_listen] all number 0 4
[Host_listen] pms b'\xa4\x10\x0e\x00'
[Host_listen] size: 921764
[Host_listen] frame: 100
[Host_listen] all number 0 4
[Host_listen] pms b'\xa4\x10\x0e\x00'
[Host_listen] size: 921764
[Host_listen] frame: 101
[Host_listen] all number 0 4
[Host_listen] pms b'\xa4\x10\x0e\x00'
[Host_listen] size: 921764
[Host_listen] frame: 102
[Host_listen] all number 0 4
[Host_listen] pms b'\xa4\x10\x0e\x00'
[Host_listen] size: 921764
[Host_listen] frame: 103
[Host_listen] all number 0 4
[Host_listen] pms b'\xa4\x10\x0e\x00'
[Host_listen] size: 921764
[Host_listen] frame: 104
[Host_listen] all number 0 4
[Host_listen] pms b'\xa4\x10\x0e\x00'
[Host_listen] size: 921764
[Host_listen] frame: 105
[Host_listen] all number 0 4
[Host_listen] pms b'\xa4\x10\x0e\x00'
[Host_listen] size: 921764
[Host_listen] frame: 106
[Host_listen] all number 0 4
[Host_listen] pms b'\xa4\x10\x0e\x00'
[Host_listen] size: 921764
[Host_listen] frame: 107
[Host_listen] all number 0 4
[Host_listen] pms b'\xa4\x10\x0e\x00'
[Host_listen] size: 921764
[Host_listen] frame: 108
[Host_listen] all number 0 4
[Host_listen] pms b'\xa4\x10\x0e\x00'
[Host_listen] size: 921764
[Host_listen] frame: 109
[Host_listen] all number 0 4
[Host_listen] pms b'\xa4\x10\x0e\x00'
[Host_listen] size: 921764
[Host_listen] frame: 110
[Host_listen] all number 0 4
[Host_listen] pms b'\xa4\x10\x0e\x00'
[Host_listen] size: 921764
[Host_listen] frame: 111
[Host_listen] all number 0 4
[Host_listen] pms b'\xa4\x10\x0e\x00'
[Host_listen] size: 921764
[Host_listen] frame: 112
[Host_listen] all number 0 4
[Host_listen] pms b'\xa4\x10\x0e\x00'
[Host_listen] size: 921764
[Host_listen] frame: 113
[Host_listen] all number 0 4
[Host_listen] pms b'\xa4\x10\x0e\x00'
[Host_listen] size: 921764
[Host_listen] frame: 114
[Host_listen] all number 0 4
[Host_listen] pms b'\xa4\x10\x0e\x00'
[Host_listen] size: 921764
[Host_listen] frame: 115
[Host_listen] all number 0 4
[Host_listen] pms b'\xa4\x10\x0e\x00'
[Host_listen] size: 921764
[Host_listen] frame: 116
[Host_listen] all number 0 4
[Host_listen] pms b'\xa4\x10\x0e\x00'
[Host_listen] size: 921764
[Host_listen] frame: 117
[Host_listen] all number 0 4
[Host_listen] pms b'\xa4\x10\x0e\x00'
[Host_listen] size: 921764
[Host_listen] frame: 118
[Host_listen] all number 0 4
[Host_listen] pms b'\xa4\x10\x0e\x00'
[Host_listen] size: 921764
[Host_listen] frame: 119
[Host_listen] all number 0 4
[Host_listen] pms b'\xa4\x10\x0e\x00'
[Host_listen] size: 921764
[Host_listen] frame: 120
[Host_listen] all number 0 4
[Host_listen] pms b'\xa4\x10\x0e\x00'
[Host_listen] size: 921764
[Host_listen] frame: 121
[Host_listen] all number 0 4
[Host_listen] pms b'\xa4\x10\x0e\x00'
[Host_listen] size: 921764
[Host_listen] frame: 122
[Host_listen] all number 0 4
[Host_listen] pms b'\xa4\x10\x0e\x00'
[Host_listen] size: 921764
[Host_listen] frame: 123
[Host_listen] all number 0 4
[Host_listen] pms b'\xa4\x10\x0e\x00'
[Host_listen] size: 921764
[Host_listen] frame: 124
[Host_listen] all number 0 4
[Host_listen] pms b'\xa4\x10\x0e\x00'
[Host_listen] size: 921764
[Host_listen] frame: 125
[Host_listen] all number 0 4
[Host_listen] pms b'\xa4\x10\x0e\x00'
[Host_listen] size: 921764
[Host_listen] frame: 126
[Host_listen] all number 0 4
[Host_listen] pms b'\xa4\x10\x0e\x00'
[Host_listen] size: 921764
[Host_listen] frame: 127
[Host_listen] all number 0 4
[Host_listen] pms b'\xa4\x10\x0e\x00'
[Host_listen] size: 921764
[Host_listen] frame: 128
[Host_listen] all number 0 4
[Host_listen] pms b'\xa4\x10\x0e\x00'
[Host_listen] size: 921764
[Host_listen] frame: 129
[Host_listen] all number 0 4
[Host_listen] pms b'\xa4\x10\x0e\x00'
[Host_listen] size: 921764
[Host_listen] frame: 130
[Host_listen] all number 0 4
[Host_listen] pms b'\xa4\x10\x0e\x00'
[Host_listen] size: 921764
[Host_listen] frame: 131
[Host_listen] all number 0 4
[Host_listen] pms b'\xa4\x10\x0e\x00'
[Host_listen] size: 921764
[Host_listen] frame: 132
[Host_listen] all number 0 4
[Host_listen] pms b'\xa4\x10\x0e\x00'
[Host_listen] size: 921764
[Host_listen] frame: 133
[Host_listen] all number 0 4
[Host_listen] pms b'\xa4\x10\x0e\x00'
[Host_listen] size: 921764
[Host_listen] frame: 134
[Host_listen] all number 0 4
[Host_listen] pms b'\xa4\x10\x0e\x00'
[Host_listen] size: 921764
[Host_listen] frame: 135
[Host_listen] all number 0 4
[Host_listen] pms b'\xa4\x10\x0e\x00'
[Host_listen] size: 921764
[Host_listen] frame: 136
[Host_listen] all number 0 4
[Host_listen] pms b'\xa4\x10\x0e\x00'
[Host_listen] size: 921764
[Host_listen] frame: 137
[Host_listen] all number 0 4
[Host_listen] pms b'\xa4\x10\x0e\x00'
[Host_listen] size: 921764
[Host_listen] frame: 138
[Host_listen] all number 0 4
[Host_listen] pms b'\xa4\x10\x0e\x00'
[Host_listen] size: 921764
[Host_listen] frame: 139
[Host_listen] all number 0 4
[Host_listen] pms b'\xa4\x10\x0e\x00'
[Host_listen] size: 921764
[Host_listen] frame: 140
[Host_listen] all number 0 4
[Host_listen] pms b'\xa4\x10\x0e\x00'
[Host_listen] size: 921764
[Host_listen] frame: 141
[Host_listen] all number 0 4
[Host_listen] pms b'\xa4\x10\x0e\x00'
[Host_listen] size: 921764
[Host_listen] frame: 142
[Host_listen] all number 0 4
[Host_listen] pms b'\xa4\x10\x0e\x00'
[Host_listen] size: 921764
[Host_listen] frame: 143
[Host_listen] all number 0 4
[Host_listen] pms b'\xa4\x10\x0e\x00'
[Host_listen] size: 921764
[Host_listen] frame: 144
[Host_listen] all number 0 4
[Host_listen] pms b'\xa4\x10\x0e\x00'
[Host_listen] size: 921764
[Host_listen] frame: 145
[Host_listen] all number 0 4
[Host_listen] pms b'\xa4\x10\x0e\x00'
[Host_listen] size: 921764
[Host_listen] frame: 146
[Host_listen] all number 0 4
[Host_listen] pms b'\xa4\x10\x0e\x00'
[Host_listen] size: 921764
[Host_listen] frame: 147
[Host_listen] all number 0 4
[Host_listen] pms b'\xa4\x10\x0e\x00'
[Host_listen] size: 921764
[Host_listen] frame: 148
[Host_listen] all number 0 4
[Host_listen] pms b'\xa4\x10\x0e\x00'
[Host_listen] size: 921764
[Host_listen] frame: 149
[Host_listen] all number 0 4
[Host_listen] pms b'\xa4\x10\x0e\x00'
[Host_listen] size: 921764
[Host_listen] frame: 150
[Host_listen] all number 0 4
[Host_listen] pms b'\xa4\x10\x0e\x00'
[Host_listen] size: 921764
[Host_listen] frame: 151
[Host_listen] all number 0 4
[Host_listen] pms b'\xa4\x10\x0e\x00'
[Host_listen] size: 921764
[Host_listen] frame: 152
[Host_listen] all number 0 4
[Host_listen] pms b'\xa4\x10\x0e\x00'
[Host_listen] size: 921764
[Host_listen] frame: 153
[Host_listen] all number 0 4
[Host_listen] pms b'\xa4\x10\x0e\x00'
[Host_listen] size: 921764
[Host_listen] frame: 154
[Host_listen] all number 0 4
[Host_listen] pms b'\xa4\x10\x0e\x00'
[Host_listen] size: 921764
[Host_listen] frame: 155
[Host_listen] all number 0 4
[Host_listen] pms b'\xa4\x10\x0e\x00'
[Host_listen] size: 921764
[Host_listen] frame: 156
[Host_listen] all number 0 4
[Host_listen] pms b'\xa4\x10\x0e\x00'
[Host_listen] size: 921764
[Host_listen] frame: 157
[Host_listen] all number 0 4
[Host_listen] pms b'\xa4\x10\x0e\x00'
[Host_listen] size: 921764
[Host_listen] frame: 158
[Host_listen] all number 0 4
[Host_listen] pms b'\xa4\x10\x0e\x00'
[Host_listen] size: 921764
[Host_listen] frame: 159
[Host_listen] all number 0 4
[Host_listen] pms b'\xa4\x10\x0e\x00'
[Host_listen] size: 921764
[Host_listen] frame: 160
[Host_listen] all number 0 4
[Host_listen] pms b'\xa4\x10\x0e\x00'
[Host_listen] size: 921764
[Host_listen] frame: 161
[Host_listen] all number 0 4
[Host_listen] pms b'\xa4\x10\x0e\x00'
[Host_listen] size: 921764
[Host_listen] frame: 162
[Host_listen] all number 0 4
[Host_listen] pms b'\xa4\x10\x0e\x00'
[Host_listen] size: 921764
[Host_listen] frame: 163
[Host_listen] all number 0 4
[Host_listen] pms b'\xa4\x10\x0e\x00'
[Host_listen] size: 921764
[Host_listen] frame: 164
[Host_listen] all number 0 4
[Host_listen] pms b'\xa4\x10\x0e\x00'
[Host_listen] size: 921764
[Host_listen] frame: 165
[Host_listen] all number 0 4
[Host_listen] pms b'\xa4\x10\x0e\x00'
[Host_listen] size: 921764
[Host_listen] frame: 166
[Host_listen] all number 0 4
[Host_listen] pms b'\xa4\x10\x0e\x00'
[Host_listen] size: 921764
[Host_listen] frame: 167
[Host_listen] all number 0 4
[Host_listen] pms b'\xa4\x10\x0e\x00'
[Host_listen] size: 921764
[Host_listen] frame: 168
[Host_listen] all number 0 4
[Host_listen] pms b'\xa4\x10\x0e\x00'
[Host_listen] size: 921764
[Host_listen] frame: 169
[Host_listen] all number 0 4
[Host_listen] pms b'\xa4\x10\x0e\x00'
[Host_listen] size: 921764
[Host_listen] frame: 170
[Host_listen] all number 0 4
[Host_listen] pms b'\xa4\x10\x0e\x00'
[Host_listen] size: 921764
[Host_listen] frame: 171
[Host_listen] all number 0 4
[Host_listen] pms b'\xa4\x10\x0e\x00'
[Host_listen] size: 921764
[Host_listen] frame: 172
[Host_listen] all number 0 4
[Host_listen] pms b'\xa4\x10\x0e\x00'
[Host_listen] size: 921764
[Host_listen] frame: 173
[Host_listen] all number 0 4
[Host_listen] pms b'\xa4\x10\x0e\x00'
[Host_listen] size: 921764
[Host_listen] frame: 174
[Host_listen] all number 0 4
[Host_listen] pms b'\xa4\x10\x0e\x00'
[Host_listen] size: 921764
[Host_listen] frame: 175
[Host_listen] all number 0 4
[Host_listen] pms b'\xa4\x10\x0e\x00'
[Host_listen] size: 921764
[Host_listen] frame: 176
[Host_listen] all number 0 4
[Host_listen] pms b'\xa4\x10\x0e\x00'
[Host_listen] size: 921764
[Host_listen] frame: 177
[Host_listen] all number 0 4
[Host_listen] pms b'\xa4\x10\x0e\x00'
[Host_listen] size: 921764
[Host_listen] frame: 178
[Host_listen] all number 0 4
[Host_listen] pms b'\xa4\x10\x0e\x00'
[Host_listen] size: 921764
[Host_listen] frame: 179
[Host_listen] all number 0 4
[Host_listen] pms b'\xa4\x10\x0e\x00'
[Host_listen] size: 921764
[Host_listen] frame: 180
[Host_listen] all number 0 4
[Host_listen] pms b'\xa4\x10\x0e\x00'
[Host_listen] size: 921764
[Host_listen] frame: 181
[Host_listen] all number 0 4
[Host_listen] pms b'\xa4\x10\x0e\x00'
[Host_listen] size: 921764
[Host_listen] frame: 182
[Host_listen] all number 0 4
[Host_listen] pms b'\xa4\x10\x0e\x00'
[Host_listen] size: 921764
[Host_listen] frame: 183
[Host_listen] all number 0 4
[Host_listen] pms b'\xa4\x10\x0e\x00'
[Host_listen] size: 921764
[Host_listen] frame: 184
[Host_listen] all number 0 4
[Host_listen] pms b'\xa4\x10\x0e\x00'
[Host_listen] size: 921764
[Host_listen] frame: 185
[Host_listen] all number 0 4
[Host_listen] pms b'\xa4\x10\x0e\x00'
[Host_listen] size: 921764
[Host_listen] frame: 186
[Host_listen] all number 0 4
[Host_listen] pms b'\xa4\x10\x0e\x00'
[Host_listen] size: 921764
[Host_listen] frame: 187
[Host_listen] all number 0 4
[Host_listen] pms b'\xa4\x10\x0e\x00'
[Host_listen] size: 921764
[Host_listen] frame: 188
[Host_listen] all number 0 4
[Host_listen] pms b'\xa4\x10\x0e\x00'
[Host_listen] size: 921764
[Host_listen] frame: 189
[Host_listen] all number 0 4
[Host_listen] pms b'\xa4\x10\x0e\x00'
[Host_listen] size: 921764
[Host_listen] frame: 190
[Host_listen] all number 0 4
[Host_listen] pms b'\xa4\x10\x0e\x00'
[Host_listen] size: 921764
[Host_listen] frame: 191
[Host_listen] all number 0 4
[Host_listen] pms b'\xa4\x10\x0e\x00'
[Host_listen] size: 921764
[Host_listen] frame: 192
[Host_listen] all number 0 4
[Host_listen] pms b'\xa4\x10\x0e\x00'
[Host_listen] size: 921764
[Host_listen] frame: 193
[Host_listen] all number 0 4
[Host_listen] pms b'\xa4\x10\x0e\x00'
[Host_listen] size: 921764
[Host_listen] frame: 194
[Host_listen] all number 0 4
[Host_listen] pms b'\xa4\x10\x0e\x00'
[Host_listen] size: 921764
[Host_listen] frame: 195
[Host_listen] all number 0 4
[Host_listen] pms b'\xa4\x10\x0e\x00'
[Host_listen] size: 921764
[Host_listen] frame: 196
[Host_listen] all number 0 4
[Host_listen] pms b'\xa4\x10\x0e\x00'
[Host_listen] size: 921764
[Host_listen] frame: 197
[Host_listen] all number 0 4
[Host_listen] pms b'\xa4\x10\x0e\x00'
[Host_listen] size: 921764
[Host_listen] frame: 198
[Host_listen] all number 0 4
[Host_listen] pms b'\xa4\x10\x0e\x00'
[Host_listen] size: 921764
[Host_listen] frame: 199
[Host_listen] all number 0 4
[Host_listen] pms b'\xa4\x10\x0e\x00'
[Host_listen] size: 921764
[Host_listen] frame: 200
[Host_listen] all number 0 4
[Host_listen] pms b'\xa4\x10\x0e\x00'
[Host_listen] size: 921764
[Host_listen] frame: 201
[Host_listen] all number 0 4
[Host_listen] pms b'\xa4\x10\x0e\x00'
[Host_listen] size: 921764
[Host_listen] frame: 202
[Host_listen] all number 0 4
